<?xml version="1.0" encoding="UTF-8"?>
<!-- Generated by org.testng.reporters.JUnitReportReporter -->
<testsuite skipped="0" hostname="DESKTOP-RKIIGUA" name="com.mercury.qa.Test.LoginPageMercuryTest" tests="3" failures="0" timestamp="30 Sep 2020 18:17:32 GMT" time="32.356" errors="0">
  <testcase name="validateLoginPageTitleTest" time="8.869" classname="com.mercury.qa.Test.LoginPageMercuryTest"/>
  <testcase name="validateMercuryLogotest" time="10.966" classname="com.mercury.qa.Test.LoginPageMercuryTest"/>
  <testcase name="validateLoginTest" time="12.521" classname="com.mercury.qa.Test.LoginPageMercuryTest"/>
</testsuite> <!-- com.mercury.qa.Test.LoginPageMercuryTest -->
